<?xml version="1.0" encoding="UTF-8"?>
<coverage generated="1658242871154" clover="3.2.0">
  <project timestamp="1658242871154" name="All files">
    <metrics statements="27" coveredstatements="20" conditionals="4" coveredconditionals="3" methods="13" coveredmethods="7" elements="44" coveredelements="30" complexity="0" loc="27" ncloc="27" packages="3" files="4" classes="4"/>
    <package name="screens">
      <metrics statements="25" coveredstatements="18" conditionals="4" coveredconditionals="3" methods="13" coveredmethods="7"/>
      <file name="Details.tsx" path="E:\REACT-NATIVE\nasa-builder-native-main\src\screens\Details.tsx">
        <metrics statements="3" coveredstatements="3" conditionals="2" coveredconditionals="1" methods="1" coveredmethods="1"/>
        <line num="17" count="1" type="stmt"/>
        <line num="18" count="2" type="stmt"/>
        <line num="20" count="2" type="stmt"/>
      </file>
      <file name="Home.tsx" path="E:\REACT-NATIVE\nasa-builder-native-main\src\screens\Home.tsx">
        <metrics statements="22" coveredstatements="15" conditionals="2" coveredconditionals="2" methods="12" coveredmethods="6"/>
        <line num="18" count="1" type="stmt"/>
        <line num="19" count="6" type="stmt"/>
        <line num="20" count="6" type="stmt"/>
        <line num="21" count="6" type="stmt"/>
        <line num="23" count="6" type="stmt"/>
        <line num="25" count="6" type="stmt"/>
        <line num="26" count="1" type="stmt"/>
        <line num="27" count="1" type="stmt"/>
        <line num="30" count="0" type="stmt"/>
        <line num="33" count="0" type="stmt"/>
        <line num="36" count="0" type="stmt"/>
        <line num="42" count="0" type="stmt"/>
        <line num="45" count="6" type="stmt"/>
        <line num="46" count="1" type="stmt"/>
        <line num="47" count="1" type="stmt"/>
        <line num="50" count="0" type="stmt"/>
        <line num="53" count="0" type="stmt"/>
        <line num="56" count="0" type="stmt"/>
        <line num="60" count="6" type="stmt"/>
        <line num="67" count="1" type="stmt"/>
        <line num="77" count="1" type="stmt"/>
        <line num="95" count="1" type="stmt"/>
      </file>
    </package>
    <package name="styles">
      <metrics statements="1" coveredstatements="1" conditionals="0" coveredconditionals="0" methods="0" coveredmethods="0"/>
      <file name="screens.ts" path="E:\REACT-NATIVE\nasa-builder-native-main\src\styles\screens.ts">
        <metrics statements="1" coveredstatements="1" conditionals="0" coveredconditionals="0" methods="0" coveredmethods="0"/>
        <line num="5" count="2" type="stmt"/>
      </file>
    </package>
    <package name="types">
      <metrics statements="1" coveredstatements="1" conditionals="0" coveredconditionals="0" methods="0" coveredmethods="0"/>
      <file name="screens.ts" path="E:\REACT-NATIVE\nasa-builder-native-main\src\types\screens.ts">
        <metrics statements="1" coveredstatements="1" conditionals="0" coveredconditionals="0" methods="0" coveredmethods="0"/>
        <line num="11" count="1" type="stmt"/>
      </file>
    </package>
  </project>
</coverage>
