{"E:\\REACT-NATIVE\\nasa-builder-native-main\\src\\screens\\Details.tsx": {"path":"E:\\REACT-NATIVE\\nasa-builder-native-main\\src\\screens\\Details.tsx","statementMap":{"0":{"start":{"line":17,"column":33},"end":{"line":32,"column":1}},"1":{"start":{"line":18,"column":15},"end":{"line":18,"column":38}},"2":{"start":{"line":20,"column":2},"end":{"line":31,"column":4}}},"fnMap":{"0":{"name":"(anonymous_0)","decl":{"start":{"line":17,"column":33},"end":{"line":17,"column":34}},"loc":{"start":{"line":17,"column":44},"end":{"line":32,"column":1}},"line":17}},"branchMap":{"0":{"loc":{"start":{"line":27,"column":11},"end":{"line":27,"column":65}},"type":"cond-expr","locations":[{"start":{"line":27,"column":53},"end":{"line":27,"column":58}},{"start":{"line":27,"column":61},"end":{"line":27,"column":65}}],"line":27}},"s":{"0":1,"1":2,"2":2},"f":{"0":2},"b":{"0":[0,2]},"_coverageSchema":"1a1c01bbd47fc00a2c39e90264f33305004495a9","hash":"c655dad072748796a8ed68396ed9f9b0f7229e9e"}
,"E:\\REACT-NATIVE\\nasa-builder-native-main\\src\\screens\\Home.tsx": {"path":"E:\\REACT-NATIVE\\nasa-builder-native-main\\src\\screens\\Home.tsx","statementMap":{"0":{"start":{"line":18,"column":17},"end":{"line":104,"column":1}},"1":{"start":{"line":19,"column":26},"end":{"line":19,"column":46}},"2":{"start":{"line":20,"column":32},"end":{"line":20,"column":56}},"3":{"start":{"line":21,"column":28},"end":{"line":21,"column":52}},"4":{"start":{"line":23,"column":21},"end":{"line":23,"column":68}},"5":{"start":{"line":25,"column":28},"end":{"line":43,"column":3}},"6":{"start":{"line":26,"column":4},"end":{"line":26,"column":21}},"7":{"start":{"line":27,"column":4},"end":{"line":42,"column":40}},"8":{"start":{"line":30,"column":29},"end":{"line":32,"column":9}},"9":{"start":{"line":33,"column":8},"end":{"line":33,"column":66}},"10":{"start":{"line":36,"column":8},"end":{"line":40,"column":11}},"11":{"start":{"line":42,"column":21},"end":{"line":42,"column":38}},"12":{"start":{"line":45,"column":22},"end":{"line":58,"column":3}},"13":{"start":{"line":46,"column":4},"end":{"line":46,"column":21}},"14":{"start":{"line":47,"column":4},"end":{"line":57,"column":9}},"15":{"start":{"line":50,"column":8},"end":{"line":50,"column":59}},"16":{"start":{"line":53,"column":8},"end":{"line":53,"column":23}},"17":{"start":{"line":56,"column":8},"end":{"line":56,"column":26}},"18":{"start":{"line":60,"column":2},"end":{"line":103,"column":4}},"19":{"start":{"line":67,"column":34},"end":{"line":67,"column":47}},"20":{"start":{"line":77,"column":14},"end":{"line":77,"column":32}},"21":{"start":{"line":95,"column":16},"end":{"line":95,"column":36}}},"fnMap":{"0":{"name":"(anonymous_0)","decl":{"start":{"line":18,"column":17},"end":{"line":18,"column":18}},"loc":{"start":{"line":18,"column":23},"end":{"line":104,"column":1}},"line":18},"1":{"name":"(anonymous_1)","decl":{"start":{"line":25,"column":28},"end":{"line":25,"column":29}},"loc":{"start":{"line":25,"column":34},"end":{"line":43,"column":3}},"line":25},"2":{"name":"(anonymous_2)","decl":{"start":{"line":29,"column":12},"end":{"line":29,"column":13}},"loc":{"start":{"line":29,"column":21},"end":{"line":34,"column":7}},"line":29},"3":{"name":"(anonymous_3)","decl":{"start":{"line":35,"column":13},"end":{"line":35,"column":14}},"loc":{"start":{"line":35,"column":19},"end":{"line":41,"column":7}},"line":35},"4":{"name":"(anonymous_4)","decl":{"start":{"line":42,"column":15},"end":{"line":42,"column":16}},"loc":{"start":{"line":42,"column":21},"end":{"line":42,"column":38}},"line":42},"5":{"name":"(anonymous_5)","decl":{"start":{"line":45,"column":22},"end":{"line":45,"column":23}},"loc":{"start":{"line":45,"column":41},"end":{"line":58,"column":3}},"line":45},"6":{"name":"(anonymous_6)","decl":{"start":{"line":49,"column":12},"end":{"line":49,"column":13}},"loc":{"start":{"line":49,"column":21},"end":{"line":51,"column":7}},"line":49},"7":{"name":"(anonymous_7)","decl":{"start":{"line":52,"column":13},"end":{"line":52,"column":14}},"loc":{"start":{"line":52,"column":19},"end":{"line":54,"column":7}},"line":52},"8":{"name":"(anonymous_8)","decl":{"start":{"line":55,"column":15},"end":{"line":55,"column":16}},"loc":{"start":{"line":55,"column":21},"end":{"line":57,"column":7}},"line":55},"9":{"name":"(anonymous_9)","decl":{"start":{"line":67,"column":24},"end":{"line":67,"column":25}},"loc":{"start":{"line":67,"column":34},"end":{"line":67,"column":47}},"line":67},"10":{"name":"(anonymous_10)","decl":{"start":{"line":76,"column":21},"end":{"line":76,"column":22}},"loc":{"start":{"line":76,"column":27},"end":{"line":78,"column":13}},"line":76},"11":{"name":"(anonymous_11)","decl":{"start":{"line":94,"column":23},"end":{"line":94,"column":24}},"loc":{"start":{"line":94,"column":29},"end":{"line":96,"column":15}},"line":94}},"branchMap":{"0":{"loc":{"start":{"line":84,"column":9},"end":{"line":100,"column":9}},"type":"cond-expr","locations":[{"start":{"line":85,"column":10},"end":{"line":87,"column":17}},{"start":{"line":89,"column":10},"end":{"line":99,"column":17}}],"line":84}},"s":{"0":1,"1":6,"2":6,"3":6,"4":6,"5":6,"6":1,"7":1,"8":0,"9":0,"10":0,"11":0,"12":6,"13":1,"14":1,"15":0,"16":0,"17":0,"18":6,"19":1,"20":1,"21":1},"f":{"0":6,"1":1,"2":0,"3":0,"4":0,"5":1,"6":0,"7":0,"8":0,"9":1,"10":1,"11":1},"b":{"0":[3,3]},"_coverageSchema":"1a1c01bbd47fc00a2c39e90264f33305004495a9","hash":"f00cb24eb840c70bc605b89a67946575d986bd0e"}
,"E:\\REACT-NATIVE\\nasa-builder-native-main\\src\\styles\\screens.ts": {"path":"E:\\REACT-NATIVE\\nasa-builder-native-main\\src\\styles\\screens.ts","statementMap":{"0":{"start":{"line":5,"column":22},"end":{"line":80,"column":2}}},"fnMap":{},"branchMap":{},"s":{"0":2},"f":{},"b":{},"_coverageSchema":"1a1c01bbd47fc00a2c39e90264f33305004495a9","hash":"2fa87102bfd4eda7c0908465bc21b37b8125b83e"}
,"E:\\REACT-NATIVE\\nasa-builder-native-main\\src\\types\\screens.ts": {"path":"E:\\REACT-NATIVE\\nasa-builder-native-main\\src\\types\\screens.ts","statementMap":{"0":{"start":{"line":11,"column":19},"end":{"line":11,"column":61}}},"fnMap":{},"branchMap":{},"s":{"0":1},"f":{},"b":{},"_coverageSchema":"1a1c01bbd47fc00a2c39e90264f33305004495a9","hash":"b6257df013643318634fa08ef30a7730afbf1d1d"}
}
