TN:
SF:src\screens\Details.tsx
FN:17,(anonymous_0)
FNF:1
FNH:1
FNDA:2,(anonymous_0)
DA:17,1
DA:18,2
DA:20,2
LF:3
LH:3
BRDA:27,0,0,0
BRDA:27,0,1,2
BRF:2
BRH:1
end_of_record
TN:
SF:src\screens\Home.tsx
FN:18,(anonymous_0)
FN:25,(anonymous_1)
FN:29,(anonymous_2)
FN:35,(anonymous_3)
FN:42,(anonymous_4)
FN:45,(anonymous_5)
FN:49,(anonymous_6)
FN:52,(anonymous_7)
FN:55,(anonymous_8)
FN:67,(anonymous_9)
FN:76,(anonymous_10)
FN:94,(anonymous_11)
FNF:12
FNH:6
FNDA:6,(anonymous_0)
FNDA:1,(anonymous_1)
FNDA:0,(anonymous_2)
FNDA:0,(anonymous_3)
FNDA:0,(anonymous_4)
FNDA:1,(anonymous_5)
FNDA:0,(anonymous_6)
FNDA:0,(anonymous_7)
FNDA:0,(anonymous_8)
FNDA:1,(anonymous_9)
FNDA:1,(anonymous_10)
FNDA:1,(anonymous_11)
DA:18,1
DA:19,6
DA:20,6
DA:21,6
DA:23,6
DA:25,6
DA:26,1
DA:27,1
DA:30,0
DA:33,0
DA:36,0
DA:42,0
DA:45,6
DA:46,1
DA:47,1
DA:50,0
DA:53,0
DA:56,0
DA:60,6
DA:67,1
DA:77,1
DA:95,1
LF:22
LH:15
BRDA:84,0,0,3
BRDA:84,0,1,3
BRF:2
BRH:2
end_of_record
TN:
SF:src\styles\screens.ts
FNF:0
FNH:0
DA:5,2
LF:1
LH:1
BRF:0
BRH:0
end_of_record
TN:
SF:src\types\screens.ts
FNF:0
FNH:0
DA:11,1
LF:1
LH:1
BRF:0
BRH:0
end_of_record
